<?xml version="1.0" encoding="UTF-8"?>
<!-- Generated by org.testng.reporters.JUnitReportReporter -->
<testsuite skipped="0" hostname="CAPHYD-LAP-081" name="Package1.TestNg" tests="2" failures="0" timestamp="25 Aug 2018 15:36:56 GMT" time="0.009" errors="0">
  <testcase name="enterGoogleTiltle" time="0.006" classname="Package1.TestNg"/>
  <testcase name="enterGoogleTiltle1" time="0.003" classname="Package1.TestNg"/>
</testsuite> <!-- Package1.TestNg -->
